<?xml version="1.0" encoding="UTF-8"?>
<!-- Generated by org.testng.reporters.JUnitXMLReporter -->
<testsuite hostname="DESKTOP-H6OT06O" ignored="5" name="Default test" tests="3" failures="0" timestamp="08 Oct 2021 11:48:32 GMT" time="4.769" errors="0">
  <testcase name="addingContact" time="3.409" classname="day2.PositiveContactListTest"/>
  <testcase name="updatingContact" time="0.803" classname="day2.PositiveContactListTest"/>
  <testcase name="getSpecificContact3" time="0.512" classname="day2.PositiveContactListTest"/>
  <testcase name="getContactListInfo" time="0.0" classname="day2.PositiveContactListTest">
    <ignored/>
  </testcase> <!-- getContactListInfo -->
  <testcase name="getSpecificContact4" time="0.0" classname="day2.PositiveContactListTest">
    <ignored/>
  </testcase> <!-- getSpecificContact4 -->
  <testcase name="getSpecificContact2" time="0.0" classname="day2.PositiveContactListTest">
    <ignored/>
  </testcase> <!-- getSpecificContact2 -->
  <testcase name="getSpecificContact" time="0.0" classname="day2.PositiveContactListTest">
    <ignored/>
  </testcase> <!-- getSpecificContact -->
  <testcase name="deletingContact" time="0.0" classname="day2.PositiveContactListTest">
    <ignored/>
  </testcase> <!-- deletingContact -->
</testsuite> <!-- Default test -->
